<?xml version="1.0" encoding="UTF-8"?>
<testsuite xmlns:xsi="http://www.w3.org/2001/XMLSchema-instance" xsi:noNamespaceSchemaLocation="https://maven.apache.org/surefire/maven-surefire-plugin/xsd/surefire-test-report-3.0.xsd" version="3.0" name="com.springboot.springboot.SpringbootApplicationTests" time="13.763" tests="1" errors="0" skipped="0" failures="0">
  <properties>
[...]
</properties>
  <testcase name="contextLoads" classname="com.springboot.springboot.SpringbootApplicationTests" time="3.554">
    <system-out><![CDATA[11:45:49.472 [main] INFO org.springframework.test.context.support.AnnotationConfigContextLoaderUtils -- Could not detect default configuration classes for test class [com.springboot.springboot.SpringbootApplicationTests]: SpringbootApplicationTests does not declare any static, non-private, non-final, nested classes annotated with @Configuration.
11:45:49.852 [main] INFO org.springframework.boot.test.context.SpringBootTestContextBootstrapper -- Found @SpringBootConfiguration com.springboot.springboot.SpringbootApplication for test class com.springboot.springboot.SpringbootApplicationTests
11:45:50.626 [main] INFO org.springframework.boot.devtools.restart.RestartApplicationListener -- Restart disabled due to context in which it is running
  .   ____          _            __ _ _
 /\\ / ___'_ __ _ _(_)_ __  __ _ \ \ \ \
( ( )\___ | '_ | '_| | '_ \/ _` | \ \ \ \
 \\/  ___)| |_)| | | | | || (_| |  ) ) ) )
  '  |____| .__|_| |_|_| |_\__, | / / / /
 =========|_|==============|___/=/_/_/_/

 :: Spring Boot ::                (v3.3.0)

2024-05-29T11:45:52.367+07:00  INFO 14660 --- [springboot] [           main] c.s.s.SpringbootApplicationTests         : Starting SpringbootApplicationTests using Java 17 with PID 14660 (started by WIRATAMA in E:\SpringBoot\springboot)
2024-05-29T11:45:52.375+07:00  INFO 14660 --- [springboot] [           main] c.s.s.SpringbootApplicationTests         : No active profile set, falling back to 1 default profile: "default"
2024-05-29T11:45:58.998+07:00  INFO 14660 --- [springboot] [           main] c.s.s.SpringbootApplicationTests         : Started SpringbootApplicationTests in 8.43 seconds (process running for 12.362)
]]></system-out>
  </testcase>
</testsuite>